mode: set
go-programs/RLHF/golang_alignment_5/29-10-24/105733/turn2/modelB/main.go:9.54,10.38 1 1
go-programs/RLHF/golang_alignment_5/29-10-24/105733/turn2/modelB/main.go:10.38,12.3 1 1
go-programs/RLHF/golang_alignment_5/29-10-24/105733/turn2/modelB/main.go:12.8,12.45 1 1
go-programs/RLHF/golang_alignment_5/29-10-24/105733/turn2/modelB/main.go:12.45,14.3 1 0
go-programs/RLHF/golang_alignment_5/29-10-24/105733/turn2/modelB/main.go:14.8,16.3 1 1
go-programs/RLHF/golang_alignment_5/29-10-24/105733/turn2/modelB/main.go:19.13,21.2 1 0
