mode: set
go-programs/RLHF/golang_alignment_5/29-10-24/105733/turn2/modelA/main.go:5.72,8.14 2 1
go-programs/RLHF/golang_alignment_5/29-10-24/105733/turn2/modelA/main.go:8.14,10.3 1 1
go-programs/RLHF/golang_alignment_5/29-10-24/105733/turn2/modelA/main.go:11.2,11.20 1 1
go-programs/RLHF/golang_alignment_5/29-10-24/105733/turn2/modelA/main.go:11.20,13.3 1 1
go-programs/RLHF/golang_alignment_5/29-10-24/105733/turn2/modelA/main.go:14.2,14.23 1 1
go-programs/RLHF/golang_alignment_5/29-10-24/105733/turn2/modelA/main.go:14.23,16.3 1 0
go-programs/RLHF/golang_alignment_5/29-10-24/105733/turn2/modelA/main.go:17.2,17.18 1 1
go-programs/RLHF/golang_alignment_5/29-10-24/105733/turn2/modelA/main.go:20.14,22.2 0 0
